Doc Tests for Say My Name
.............
>>> say_my_name = __import__("say_my_name").say_my_name
Traceback (most recent call last):
ModuleNotFoundError: No module named 'say_my_name'
>>> say_my_name = __import__("3-say_my_name").say_my_name
>>> say_my_name("Jane")
My name is Jane
>>> say_my_name("Jane", "Doe")
My name is Jane Doe
>>> say_my_name(12)
Traceback (most recent call last):
TypeError: first_name must be a string
>>> say_my_name(74, "doe")
Traceback (most recent call last):
TypeError: first_name must be a string
>>> say_my_name("therese", 23)
Traceback (most recent call last):
TypeError: last_name must be a string
>>> say_my_name(1, 3)
Traceback (most recent call last):
TypeError: first_name must be a string
>>> say_my_name()
Traceback (most recent call last):
TypeError: say_my_name() missing 1 required positional argument: 'first_name'
>>> say_my_name("kiki")
My name is kiki
